<?xml version="1.0" encoding="UTF-8"?>
<!-- Generated by org.testng.reporters.JUnitReportReporter -->
<testsuite hostname="HP15-BS-8TH-GEN-SERIES" failures="0" tests="2" name="APITests.usersTest" time="2.883" errors="0" timestamp="2023-04-10T18:50:42 IST" skipped="1">
  <testcase classname="APITests.usersTest" name="getTestUser" time="2.883"/>
  <system-out/>
  <testcase classname="APITests.usersTest" name="createUser">
    <skipped/>
  </testcase> <!-- createUser -->
  <system-out/>
</testsuite> <!-- APITests.usersTest -->
