<?xml version="1.0" encoding="UTF-8"?>
<!-- Generated by org.testng.reporters.JUnitReportReporter -->
<testsuite hostname="HP15-BS-8TH-GEN-SERIES" failures="0" tests="1" name="APITests.usersTest" time="2.020" errors="0" timestamp="2023-03-30T19:16:57 IST" skipped="0">
  <testcase classname="APITests.usersTest" name="getTestUser" time="2.020"/>
  <system-out/>
</testsuite> <!-- APITests.usersTest -->
